
/home/runner/work/exp-heartrate-ecg-iitr/exp-heartrate-ecg-iitr/experiment/simulation/js/data.js
    3:7   warning  'PT_STAGES' is assigned a value but never used  no-unused-vars
   26:16  warning  'loadECGData' is defined but never used         no-unused-vars
  101:10  warning  'runPanTompkins' is defined but never used      no-unused-vars

/home/runner/work/exp-heartrate-ecg-iitr/exp-heartrate-ecg-iitr/experiment/simulation/js/page.js
    2:1   warning  Irregular whitespace not allowed              no-irregular-whitespace
    3:1   warning  Irregular whitespace not allowed              no-irregular-whitespace
    4:1   warning  Irregular whitespace not allowed              no-irregular-whitespace
    5:1   warning  Irregular whitespace not allowed              no-irregular-whitespace
    9:1   warning  Irregular whitespace not allowed              no-irregular-whitespace
    9:3   warning  Irregular whitespace not allowed              no-irregular-whitespace
   10:1   warning  Irregular whitespace not allowed              no-irregular-whitespace
   10:3   warning  Irregular whitespace not allowed              no-irregular-whitespace
   11:1   warning  Irregular whitespace not allowed              no-irregular-whitespace
   11:3   warning  Irregular whitespace not allowed              no-irregular-whitespace
   12:1   warning  Irregular whitespace not allowed              no-irregular-whitespace
   12:3   warning  Irregular whitespace not allowed              no-irregular-whitespace
   13:1   warning  Irregular whitespace not allowed              no-irregular-whitespace
   13:3   warning  Irregular whitespace not allowed              no-irregular-whitespace
   14:1   warning  Irregular whitespace not allowed              no-irregular-whitespace
   14:3   warning  Irregular whitespace not allowed              no-irregular-whitespace
   15:1   warning  Irregular whitespace not allowed              no-irregular-whitespace
   15:3   warning  Irregular whitespace not allowed              no-irregular-whitespace
   16:1   warning  Irregular whitespace not allowed              no-irregular-whitespace
   16:3   warning  Irregular whitespace not allowed              no-irregular-whitespace
   17:1   warning  Irregular whitespace not allowed              no-irregular-whitespace
   17:3   warning  Irregular whitespace not allowed              no-irregular-whitespace
   18:1   warning  Irregular whitespace not allowed              no-irregular-whitespace
   18:3   warning  Irregular whitespace not allowed              no-irregular-whitespace
   19:1   warning  Irregular whitespace not allowed              no-irregular-whitespace
   19:3   warning  Irregular whitespace not allowed              no-irregular-whitespace
   20:1   warning  Irregular whitespace not allowed              no-irregular-whitespace
   20:3   warning  Irregular whitespace not allowed              no-irregular-whitespace
   21:1   warning  Irregular whitespace not allowed              no-irregular-whitespace
   21:3   warning  Irregular whitespace not allowed              no-irregular-whitespace
   22:1   warning  Irregular whitespace not allowed              no-irregular-whitespace
   22:3   warning  Irregular whitespace not allowed              no-irregular-whitespace
   23:1   warning  Irregular whitespace not allowed              no-irregular-whitespace
   23:3   warning  Irregular whitespace not allowed              no-irregular-whitespace
   24:1   warning  Irregular whitespace not allowed              no-irregular-whitespace
   24:3   warning  Irregular whitespace not allowed              no-irregular-whitespace
   25:1   warning  Irregular whitespace not allowed              no-irregular-whitespace
   25:3   warning  Irregular whitespace not allowed              no-irregular-whitespace
   26:1   warning  Irregular whitespace not allowed              no-irregular-whitespace
   26:3   warning  Irregular whitespace not allowed              no-irregular-whitespace
   27:1   warning  Irregular whitespace not allowed              no-irregular-whitespace
   27:3   warning  Irregular whitespace not allowed              no-irregular-whitespace
   29:1   warning  Irregular whitespace not allowed              no-irregular-whitespace
   29:3   warning  Irregular whitespace not allowed              no-irregular-whitespace
   30:1   warning  Irregular whitespace not allowed              no-irregular-whitespace
   30:3   warning  Irregular whitespace not allowed              no-irregular-whitespace
   31:1   warning  Irregular whitespace not allowed              no-irregular-whitespace
   31:3   warning  Irregular whitespace not allowed              no-irregular-whitespace
   32:1   warning  Irregular whitespace not allowed              no-irregular-whitespace
   32:3   warning  Irregular whitespace not allowed              no-irregular-whitespace
   33:1   warning  Irregular whitespace not allowed              no-irregular-whitespace
   33:3   warning  Irregular whitespace not allowed              no-irregular-whitespace
   34:1   warning  Irregular whitespace not allowed              no-irregular-whitespace
   34:3   warning  Irregular whitespace not allowed              no-irregular-whitespace
   35:1   warning  Irregular whitespace not allowed              no-irregular-whitespace
   35:3   warning  Irregular whitespace not allowed              no-irregular-whitespace
   36:1   warning  Irregular whitespace not allowed              no-irregular-whitespace
   36:3   warning  Irregular whitespace not allowed              no-irregular-whitespace
   38:1   warning  Irregular whitespace not allowed              no-irregular-whitespace
   38:3   warning  Irregular whitespace not allowed              no-irregular-whitespace
   39:1   warning  Irregular whitespace not allowed              no-irregular-whitespace
   39:3   warning  Irregular whitespace not allowed              no-irregular-whitespace
   40:1   warning  Irregular whitespace not allowed              no-irregular-whitespace
   40:3   warning  Irregular whitespace not allowed              no-irregular-whitespace
   41:1   warning  Irregular whitespace not allowed              no-irregular-whitespace
   41:3   warning  Irregular whitespace not allowed              no-irregular-whitespace
   42:1   warning  Irregular whitespace not allowed              no-irregular-whitespace
   42:3   warning  Irregular whitespace not allowed              no-irregular-whitespace
   44:1   warning  Irregular whitespace not allowed              no-irregular-whitespace
   44:3   warning  Irregular whitespace not allowed              no-irregular-whitespace
   45:1   warning  Irregular whitespace not allowed              no-irregular-whitespace
   45:3   warning  Irregular whitespace not allowed              no-irregular-whitespace
   46:1   warning  Irregular whitespace not allowed              no-irregular-whitespace
   46:3   warning  Irregular whitespace not allowed              no-irregular-whitespace
   47:1   warning  Irregular whitespace not allowed              no-irregular-whitespace
   47:3   warning  Irregular whitespace not allowed              no-irregular-whitespace
   55:1   warning  Irregular whitespace not allowed              no-irregular-whitespace
   55:3   warning  Irregular whitespace not allowed              no-irregular-whitespace
   56:1   warning  Irregular whitespace not allowed              no-irregular-whitespace
   56:3   warning  Irregular whitespace not allowed              no-irregular-whitespace
   57:1   warning  Irregular whitespace not allowed              no-irregular-whitespace
   57:3   warning  Irregular whitespace not allowed              no-irregular-whitespace
   58:1   warning  Irregular whitespace not allowed              no-irregular-whitespace
   58:3   warning  Irregular whitespace not allowed              no-irregular-whitespace
   59:1   warning  Irregular whitespace not allowed              no-irregular-whitespace
   59:3   warning  Irregular whitespace not allowed              no-irregular-whitespace
   60:1   warning  Irregular whitespace not allowed              no-irregular-whitespace
   60:3   warning  Irregular whitespace not allowed              no-irregular-whitespace
   60:5   warning  Irregular whitespace not allowed              no-irregular-whitespace
   60:7   warning  Irregular whitespace not allowed              no-irregular-whitespace
   61:1   warning  Irregular whitespace not allowed              no-irregular-whitespace
   61:3   warning  Irregular whitespace not allowed              no-irregular-whitespace
   61:5   warning  Irregular whitespace not allowed              no-irregular-whitespace
   61:7   warning  Irregular whitespace not allowed              no-irregular-whitespace
   62:1   warning  Irregular whitespace not allowed              no-irregular-whitespace
   62:3   warning  Irregular whitespace not allowed              no-irregular-whitespace
   63:1   warning  Irregular whitespace not allowed              no-irregular-whitespace
   63:3   warning  Irregular whitespace not allowed              no-irregular-whitespace
   64:1   warning  Irregular whitespace not allowed              no-irregular-whitespace
   64:3   warning  Irregular whitespace not allowed              no-irregular-whitespace
   64:5   warning  Irregular whitespace not allowed              no-irregular-whitespace
   64:7   warning  Irregular whitespace not allowed              no-irregular-whitespace
   65:1   warning  Irregular whitespace not allowed              no-irregular-whitespace
   65:3   warning  Irregular whitespace not allowed              no-irregular-whitespace
   65:5   warning  Irregular whitespace not allowed              no-irregular-whitespace
   65:7   warning  Irregular whitespace not allowed              no-irregular-whitespace
   66:1   warning  Irregular whitespace not allowed              no-irregular-whitespace
   66:3   warning  Irregular whitespace not allowed              no-irregular-whitespace
   67:1   warning  Irregular whitespace not allowed              no-irregular-whitespace
   67:3   warning  Irregular whitespace not allowed              no-irregular-whitespace
   68:1   warning  Irregular whitespace not allowed              no-irregular-whitespace
   68:3   warning  Irregular whitespace not allowed              no-irregular-whitespace
   68:5   warning  Irregular whitespace not allowed              no-irregular-whitespace
   68:7   warning  Irregular whitespace not allowed              no-irregular-whitespace
   69:1   warning  Irregular whitespace not allowed              no-irregular-whitespace
   69:3   warning  Irregular whitespace not allowed              no-irregular-whitespace
   69:5   warning  Irregular whitespace not allowed              no-irregular-whitespace
   69:7   warning  Irregular whitespace not allowed              no-irregular-whitespace
   70:1   warning  Irregular whitespace not allowed              no-irregular-whitespace
   70:3   warning  Irregular whitespace not allowed              no-irregular-whitespace
   70:5   warning  Irregular whitespace not allowed              no-irregular-whitespace
   70:7   warning  Irregular whitespace not allowed              no-irregular-whitespace
   70:9   warning  Irregular whitespace not allowed              no-irregular-whitespace
   70:11  warning  Irregular whitespace not allowed              no-irregular-whitespace
   71:1   warning  Irregular whitespace not allowed              no-irregular-whitespace
   71:3   warning  Irregular whitespace not allowed              no-irregular-whitespace
   71:5   warning  Irregular whitespace not allowed              no-irregular-whitespace
   71:7   warning  Irregular whitespace not allowed              no-irregular-whitespace
   71:9   warning  Irregular whitespace not allowed              no-irregular-whitespace
   71:11  warning  Irregular whitespace not allowed              no-irregular-whitespace
   72:1   warning  Irregular whitespace not allowed              no-irregular-whitespace
   72:3   warning  Irregular whitespace not allowed              no-irregular-whitespace
   72:5   warning  Irregular whitespace not allowed              no-irregular-whitespace
   72:7   warning  Irregular whitespace not allowed              no-irregular-whitespace
   73:1   warning  Irregular whitespace not allowed              no-irregular-whitespace
   73:3   warning  Irregular whitespace not allowed              no-irregular-whitespace
   76:20  warning  'Chart' is not defined                        no-undef
   77:1   warning  Irregular whitespace not allowed              no-irregular-whitespace
   77:3   warning  Irregular whitespace not allowed              no-irregular-whitespace
   78:1   warning  Irregular whitespace not allowed              no-irregular-whitespace
   78:3   warning  Irregular whitespace not allowed              no-irregular-whitespace
   79:1   warning  Irregular whitespace not allowed              no-irregular-whitespace
   79:3   warning  Irregular whitespace not allowed              no-irregular-whitespace
   82:20  warning  'Chart' is not defined                        no-undef
   83:1   warning  Irregular whitespace not allowed              no-irregular-whitespace
   83:3   warning  Irregular whitespace not allowed              no-irregular-whitespace
   84:1   warning  Irregular whitespace not allowed              no-irregular-whitespace
   84:3   warning  Irregular whitespace not allowed              no-irregular-whitespace
   85:1   warning  Irregular whitespace not allowed              no-irregular-whitespace
   85:3   warning  Irregular whitespace not allowed              no-irregular-whitespace
   94:1   warning  Irregular whitespace not allowed              no-irregular-whitespace
   94:3   warning  Irregular whitespace not allowed              no-irregular-whitespace
   95:1   warning  Irregular whitespace not allowed              no-irregular-whitespace
   95:3   warning  Irregular whitespace not allowed              no-irregular-whitespace
   95:5   warning  Irregular whitespace not allowed              no-irregular-whitespace
   95:7   warning  Irregular whitespace not allowed              no-irregular-whitespace
   96:1   warning  Irregular whitespace not allowed              no-irregular-whitespace
   96:3   warning  Irregular whitespace not allowed              no-irregular-whitespace
   96:5   warning  Irregular whitespace not allowed              no-irregular-whitespace
   96:7   warning  Irregular whitespace not allowed              no-irregular-whitespace
   97:1   warning  Irregular whitespace not allowed              no-irregular-whitespace
   97:3   warning  Irregular whitespace not allowed              no-irregular-whitespace
   98:1   warning  Irregular whitespace not allowed              no-irregular-whitespace
   98:3   warning  Irregular whitespace not allowed              no-irregular-whitespace
   99:1   warning  Irregular whitespace not allowed              no-irregular-whitespace
   99:3   warning  Irregular whitespace not allowed              no-irregular-whitespace
  100:1   warning  Irregular whitespace not allowed              no-irregular-whitespace
  100:3   warning  Irregular whitespace not allowed              no-irregular-whitespace
  100:5   warning  Irregular whitespace not allowed              no-irregular-whitespace
  100:7   warning  Irregular whitespace not allowed              no-irregular-whitespace
  101:1   warning  Irregular whitespace not allowed              no-irregular-whitespace
  101:3   warning  Irregular whitespace not allowed              no-irregular-whitespace
  101:5   warning  Irregular whitespace not allowed              no-irregular-whitespace
  101:7   warning  Irregular whitespace not allowed              no-irregular-whitespace
  102:1   warning  Irregular whitespace not allowed              no-irregular-whitespace
  102:3   warning  Irregular whitespace not allowed              no-irregular-whitespace
  102:5   warning  Irregular whitespace not allowed              no-irregular-whitespace
  102:7   warning  Irregular whitespace not allowed              no-irregular-whitespace
  103:1   warning  Irregular whitespace not allowed              no-irregular-whitespace
  103:3   warning  Irregular whitespace not allowed              no-irregular-whitespace
  103:5   warning  Irregular whitespace not allowed              no-irregular-whitespace
  103:7   warning  Irregular whitespace not allowed              no-irregular-whitespace
  104:1   warning  Irregular whitespace not allowed              no-irregular-whitespace
  104:3   warning  Irregular whitespace not allowed              no-irregular-whitespace
  105:1   warning  Irregular whitespace not allowed              no-irregular-whitespace
  105:3   warning  Irregular whitespace not allowed              no-irregular-whitespace
  109:1   warning  Irregular whitespace not allowed              no-irregular-whitespace
  109:3   warning  Irregular whitespace not allowed              no-irregular-whitespace
  110:1   warning  Irregular whitespace not allowed              no-irregular-whitespace
  110:3   warning  Irregular whitespace not allowed              no-irregular-whitespace
  111:1   warning  Irregular whitespace not allowed              no-irregular-whitespace
  111:3   warning  Irregular whitespace not allowed              no-irregular-whitespace
  112:1   warning  Irregular whitespace not allowed              no-irregular-whitespace
  112:3   warning  Irregular whitespace not allowed              no-irregular-whitespace
  118:1   warning  Irregular whitespace not allowed              no-irregular-whitespace
  118:3   warning  Irregular whitespace not allowed              no-irregular-whitespace
  119:1   warning  Irregular whitespace not allowed              no-irregular-whitespace
  119:3   warning  Irregular whitespace not allowed              no-irregular-whitespace
  119:5   warning  'PT_STAGES' is not defined                    no-undef
  120:1   warning  Irregular whitespace not allowed              no-irregular-whitespace
  120:3   warning  Irregular whitespace not allowed              no-irregular-whitespace
  120:5   warning  Irregular whitespace not allowed              no-irregular-whitespace
  120:7   warning  Irregular whitespace not allowed              no-irregular-whitespace
  121:1   warning  Irregular whitespace not allowed              no-irregular-whitespace
  121:3   warning  Irregular whitespace not allowed              no-irregular-whitespace
  121:5   warning  Irregular whitespace not allowed              no-irregular-whitespace
  121:7   warning  Irregular whitespace not allowed              no-irregular-whitespace
  122:1   warning  Irregular whitespace not allowed              no-irregular-whitespace
  122:3   warning  Irregular whitespace not allowed              no-irregular-whitespace
  122:5   warning  Irregular whitespace not allowed              no-irregular-whitespace
  122:7   warning  Irregular whitespace not allowed              no-irregular-whitespace
  123:1   warning  Irregular whitespace not allowed              no-irregular-whitespace
  123:3   warning  Irregular whitespace not allowed              no-irregular-whitespace
  123:5   warning  Irregular whitespace not allowed              no-irregular-whitespace
  123:7   warning  Irregular whitespace not allowed              no-irregular-whitespace
  123:23  warning  'state' is not defined                        no-undef
  123:60  warning  'state' is not defined                        no-undef
  125:1   warning  Irregular whitespace not allowed              no-irregular-whitespace
  125:3   warning  Irregular whitespace not allowed              no-irregular-whitespace
  125:5   warning  Irregular whitespace not allowed              no-irregular-whitespace
  125:7   warning  Irregular whitespace not allowed              no-irregular-whitespace
  125:32  warning  'state' is not defined                        no-undef
  126:1   warning  Irregular whitespace not allowed              no-irregular-whitespace
  126:3   warning  Irregular whitespace not allowed              no-irregular-whitespace
  126:5   warning  Irregular whitespace not allowed              no-irregular-whitespace
  126:7   warning  Irregular whitespace not allowed              no-irregular-whitespace
  127:1   warning  Irregular whitespace not allowed              no-irregular-whitespace
  127:3   warning  Irregular whitespace not allowed              no-irregular-whitespace
  127:5   warning  Irregular whitespace not allowed              no-irregular-whitespace
  127:7   warning  Irregular whitespace not allowed              no-irregular-whitespace
  128:1   warning  Irregular whitespace not allowed              no-irregular-whitespace
  128:3   warning  Irregular whitespace not allowed              no-irregular-whitespace
  128:5   warning  Irregular whitespace not allowed              no-irregular-whitespace
  128:7   warning  Irregular whitespace not allowed              no-irregular-whitespace
  129:1   warning  Irregular whitespace not allowed              no-irregular-whitespace
  129:3   warning  Irregular whitespace not allowed              no-irregular-whitespace
  129:5   warning  Irregular whitespace not allowed              no-irregular-whitespace
  129:7   warning  Irregular whitespace not allowed              no-irregular-whitespace
  134:1   warning  Irregular whitespace not allowed              no-irregular-whitespace
  134:3   warning  Irregular whitespace not allowed              no-irregular-whitespace
  134:5   warning  Irregular whitespace not allowed              no-irregular-whitespace
  134:7   warning  Irregular whitespace not allowed              no-irregular-whitespace
  135:1   warning  Irregular whitespace not allowed              no-irregular-whitespace
  135:3   warning  Irregular whitespace not allowed              no-irregular-whitespace
  139:1   warning  Irregular whitespace not allowed              no-irregular-whitespace
  139:3   warning  Irregular whitespace not allowed              no-irregular-whitespace
  139:18  warning  'state' is not defined                        no-undef
  140:1   warning  Irregular whitespace not allowed              no-irregular-whitespace
  140:3   warning  Irregular whitespace not allowed              no-irregular-whitespace
  140:18  warning  'state' is not defined                        no-undef
  140:39  warning  'state' is not defined                        no-undef
  141:1   warning  Irregular whitespace not allowed              no-irregular-whitespace
  141:3   warning  Irregular whitespace not allowed              no-irregular-whitespace
  142:1   warning  Irregular whitespace not allowed              no-irregular-whitespace
  142:3   warning  Irregular whitespace not allowed              no-irregular-whitespace
  143:1   warning  Irregular whitespace not allowed              no-irregular-whitespace
  143:3   warning  Irregular whitespace not allowed              no-irregular-whitespace
  143:5   warning  Irregular whitespace not allowed              no-irregular-whitespace
  143:7   warning  Irregular whitespace not allowed              no-irregular-whitespace
  144:1   warning  Irregular whitespace not allowed              no-irregular-whitespace
  144:3   warning  Irregular whitespace not allowed              no-irregular-whitespace
  144:5   warning  Irregular whitespace not allowed              no-irregular-whitespace
  144:7   warning  Irregular whitespace not allowed              no-irregular-whitespace
  145:1   warning  Irregular whitespace not allowed              no-irregular-whitespace
  145:3   warning  Irregular whitespace not allowed              no-irregular-whitespace
  147:1   warning  Irregular whitespace not allowed              no-irregular-whitespace
  147:3   warning  Irregular whitespace not allowed              no-irregular-whitespace
  147:9   warning  'state' is not defined                        no-undef
  147:28  warning  'state' is not defined                        no-undef
  148:1   warning  Irregular whitespace not allowed              no-irregular-whitespace
  148:3   warning  Irregular whitespace not allowed              no-irregular-whitespace
  148:5   warning  Irregular whitespace not allowed              no-irregular-whitespace
  148:7   warning  Irregular whitespace not allowed              no-irregular-whitespace
  149:1   warning  Irregular whitespace not allowed              no-irregular-whitespace
  149:3   warning  Irregular whitespace not allowed              no-irregular-whitespace
  149:5   warning  Irregular whitespace not allowed              no-irregular-whitespace
  149:7   warning  Irregular whitespace not allowed              no-irregular-whitespace
  149:9   warning  Irregular whitespace not allowed              no-irregular-whitespace
  149:11  warning  Irregular whitespace not allowed              no-irregular-whitespace
  150:1   warning  Irregular whitespace not allowed              no-irregular-whitespace
  150:3   warning  Irregular whitespace not allowed              no-irregular-whitespace
  150:5   warning  Irregular whitespace not allowed              no-irregular-whitespace
  150:7   warning  Irregular whitespace not allowed              no-irregular-whitespace
  150:9   warning  Irregular whitespace not allowed              no-irregular-whitespace
  150:11  warning  Irregular whitespace not allowed              no-irregular-whitespace
  150:19  warning  'state' is not defined                        no-undef
  150:55  warning  'state' is not defined                        no-undef
  151:1   warning  Irregular whitespace not allowed              no-irregular-whitespace
  151:3   warning  Irregular whitespace not allowed              no-irregular-whitespace
  151:5   warning  Irregular whitespace not allowed              no-irregular-whitespace
  151:7   warning  Irregular whitespace not allowed              no-irregular-whitespace
  151:9   warning  Irregular whitespace not allowed              no-irregular-whitespace
  151:11  warning  Irregular whitespace not allowed              no-irregular-whitespace
  152:1   warning  Irregular whitespace not allowed              no-irregular-whitespace
  152:3   warning  Irregular whitespace not allowed              no-irregular-whitespace
  152:5   warning  Irregular whitespace not allowed              no-irregular-whitespace
  152:7   warning  Irregular whitespace not allowed              no-irregular-whitespace
  153:1   warning  Irregular whitespace not allowed              no-irregular-whitespace
  153:3   warning  Irregular whitespace not allowed              no-irregular-whitespace
  153:5   warning  Irregular whitespace not allowed              no-irregular-whitespace
  153:7   warning  Irregular whitespace not allowed              no-irregular-whitespace
  154:1   warning  Irregular whitespace not allowed              no-irregular-whitespace
  154:3   warning  Irregular whitespace not allowed              no-irregular-whitespace
  154:5   warning  Irregular whitespace not allowed              no-irregular-whitespace
  154:7   warning  Irregular whitespace not allowed              no-irregular-whitespace
  155:1   warning  Irregular whitespace not allowed              no-irregular-whitespace
  155:3   warning  Irregular whitespace not allowed              no-irregular-whitespace
  157:1   warning  Irregular whitespace not allowed              no-irregular-whitespace
  157:3   warning  Irregular whitespace not allowed              no-irregular-whitespace
  157:9   warning  'state' is not defined                        no-undef
  158:1   warning  Irregular whitespace not allowed              no-irregular-whitespace
  158:3   warning  Irregular whitespace not allowed              no-irregular-whitespace
  158:5   warning  Irregular whitespace not allowed              no-irregular-whitespace
  158:7   warning  Irregular whitespace not allowed              no-irregular-whitespace
  158:69  warning  'state' is not defined                        no-undef
  159:1   warning  Irregular whitespace not allowed              no-irregular-whitespace
  159:3   warning  Irregular whitespace not allowed              no-irregular-whitespace
  159:5   warning  Irregular whitespace not allowed              no-irregular-whitespace
  159:7   warning  Irregular whitespace not allowed              no-irregular-whitespace
  161:1   warning  Irregular whitespace not allowed              no-irregular-whitespace
  161:3   warning  Irregular whitespace not allowed              no-irregular-whitespace
  161:5   warning  Irregular whitespace not allowed              no-irregular-whitespace
  161:7   warning  Irregular whitespace not allowed              no-irregular-whitespace
  161:16  warning  'state' is not defined                        no-undef
  162:1   warning  Irregular whitespace not allowed              no-irregular-whitespace
  162:3   warning  Irregular whitespace not allowed              no-irregular-whitespace
  162:5   warning  Irregular whitespace not allowed              no-irregular-whitespace
  162:7   warning  Irregular whitespace not allowed              no-irregular-whitespace
  162:9   warning  Irregular whitespace not allowed              no-irregular-whitespace
  162:11  warning  Irregular whitespace not allowed              no-irregular-whitespace
  163:1   warning  Irregular whitespace not allowed              no-irregular-whitespace
  163:3   warning  Irregular whitespace not allowed              no-irregular-whitespace
  163:5   warning  Irregular whitespace not allowed              no-irregular-whitespace
  163:7   warning  Irregular whitespace not allowed              no-irregular-whitespace
  163:9   warning  Irregular whitespace not allowed              no-irregular-whitespace
  163:11  warning  Irregular whitespace not allowed              no-irregular-whitespace
  163:13  warning  Irregular whitespace not allowed              no-irregular-whitespace
  163:15  warning  Irregular whitespace not allowed              no-irregular-whitespace
  164:1   warning  Irregular whitespace not allowed              no-irregular-whitespace
  164:3   warning  Irregular whitespace not allowed              no-irregular-whitespace
  164:5   warning  Irregular whitespace not allowed              no-irregular-whitespace
  164:7   warning  Irregular whitespace not allowed              no-irregular-whitespace
  164:9   warning  Irregular whitespace not allowed              no-irregular-whitespace
  164:11  warning  Irregular whitespace not allowed              no-irregular-whitespace
  164:13  warning  Irregular whitespace not allowed              no-irregular-whitespace
  164:15  warning  Irregular whitespace not allowed              no-irregular-whitespace
  165:1   warning  Irregular whitespace not allowed              no-irregular-whitespace
  165:3   warning  Irregular whitespace not allowed              no-irregular-whitespace
  165:5   warning  Irregular whitespace not allowed              no-irregular-whitespace
  165:7   warning  Irregular whitespace not allowed              no-irregular-whitespace
  165:9   warning  Irregular whitespace not allowed              no-irregular-whitespace
  165:11  warning  Irregular whitespace not allowed              no-irregular-whitespace
  165:13  warning  Irregular whitespace not allowed              no-irregular-whitespace
  165:15  warning  Irregular whitespace not allowed              no-irregular-whitespace
  166:1   warning  Irregular whitespace not allowed              no-irregular-whitespace
  166:3   warning  Irregular whitespace not allowed              no-irregular-whitespace
  166:5   warning  Irregular whitespace not allowed              no-irregular-whitespace
  166:7   warning  Irregular whitespace not allowed              no-irregular-whitespace
  166:9   warning  Irregular whitespace not allowed              no-irregular-whitespace
  166:11  warning  Irregular whitespace not allowed              no-irregular-whitespace
  166:13  warning  Irregular whitespace not allowed              no-irregular-whitespace
  166:15  warning  Irregular whitespace not allowed              no-irregular-whitespace
  167:1   warning  Irregular whitespace not allowed              no-irregular-whitespace
  167:3   warning  Irregular whitespace not allowed              no-irregular-whitespace
  167:5   warning  Irregular whitespace not allowed              no-irregular-whitespace
  167:7   warning  Irregular whitespace not allowed              no-irregular-whitespace
  167:9   warning  Irregular whitespace not allowed              no-irregular-whitespace
  167:11  warning  Irregular whitespace not allowed              no-irregular-whitespace
  168:1   warning  Irregular whitespace not allowed              no-irregular-whitespace
  168:3   warning  Irregular whitespace not allowed              no-irregular-whitespace
  168:5   warning  Irregular whitespace not allowed              no-irregular-whitespace
  168:7   warning  Irregular whitespace not allowed              no-irregular-whitespace
  168:9   warning  Irregular whitespace not allowed              no-irregular-whitespace
  168:11  warning  Irregular whitespace not allowed              no-irregular-whitespace
  168:13  warning  Irregular whitespace not allowed              no-irregular-whitespace
  168:15  warning  Irregular whitespace not allowed              no-irregular-whitespace
  169:1   warning  Irregular whitespace not allowed              no-irregular-whitespace
  169:3   warning  Irregular whitespace not allowed              no-irregular-whitespace
  169:5   warning  Irregular whitespace not allowed              no-irregular-whitespace
  169:7   warning  Irregular whitespace not allowed              no-irregular-whitespace
  169:9   warning  Irregular whitespace not allowed              no-irregular-whitespace
  169:11  warning  Irregular whitespace not allowed              no-irregular-whitespace
  169:13  warning  Irregular whitespace not allowed              no-irregular-whitespace
  169:15  warning  Irregular whitespace not allowed              no-irregular-whitespace
  170:1   warning  Irregular whitespace not allowed              no-irregular-whitespace
  170:3   warning  Irregular whitespace not allowed              no-irregular-whitespace
  170:5   warning  Irregular whitespace not allowed              no-irregular-whitespace
  170:7   warning  Irregular whitespace not allowed              no-irregular-whitespace
  170:9   warning  Irregular whitespace not allowed              no-irregular-whitespace
  170:11  warning  Irregular whitespace not allowed              no-irregular-whitespace
  170:13  warning  Irregular whitespace not allowed              no-irregular-whitespace
  170:15  warning  Irregular whitespace not allowed              no-irregular-whitespace
  171:1   warning  Irregular whitespace not allowed              no-irregular-whitespace
  171:3   warning  Irregular whitespace not allowed              no-irregular-whitespace
  171:5   warning  Irregular whitespace not allowed              no-irregular-whitespace
  171:7   warning  Irregular whitespace not allowed              no-irregular-whitespace
  171:9   warning  Irregular whitespace not allowed              no-irregular-whitespace
  171:11  warning  Irregular whitespace not allowed              no-irregular-whitespace
  171:13  warning  Irregular whitespace not allowed              no-irregular-whitespace
  171:15  warning  Irregular whitespace not allowed              no-irregular-whitespace
  172:1   warning  Irregular whitespace not allowed              no-irregular-whitespace
  172:3   warning  Irregular whitespace not allowed              no-irregular-whitespace
  172:5   warning  Irregular whitespace not allowed              no-irregular-whitespace
  172:7   warning  Irregular whitespace not allowed              no-irregular-whitespace
  172:9   warning  Irregular whitespace not allowed              no-irregular-whitespace
  172:11  warning  Irregular whitespace not allowed              no-irregular-whitespace
  172:13  warning  Irregular whitespace not allowed              no-irregular-whitespace
  172:15  warning  Irregular whitespace not allowed              no-irregular-whitespace
  173:1   warning  Irregular whitespace not allowed              no-irregular-whitespace
  173:3   warning  Irregular whitespace not allowed              no-irregular-whitespace
  173:5   warning  Irregular whitespace not allowed              no-irregular-whitespace
  173:7   warning  Irregular whitespace not allowed              no-irregular-whitespace
  173:9   warning  Irregular whitespace not allowed              no-irregular-whitespace
  173:11  warning  Irregular whitespace not allowed              no-irregular-whitespace
  174:1   warning  Irregular whitespace not allowed              no-irregular-whitespace
  174:3   warning  Irregular whitespace not allowed              no-irregular-whitespace
  174:5   warning  Irregular whitespace not allowed              no-irregular-whitespace
  174:7   warning  Irregular whitespace not allowed              no-irregular-whitespace
  174:9   warning  Irregular whitespace not allowed              no-irregular-whitespace
  174:11  warning  Irregular whitespace not allowed              no-irregular-whitespace
  174:13  warning  Irregular whitespace not allowed              no-irregular-whitespace
  174:15  warning  Irregular whitespace not allowed              no-irregular-whitespace
  175:1   warning  Irregular whitespace not allowed              no-irregular-whitespace
  175:3   warning  Irregular whitespace not allowed              no-irregular-whitespace
  175:5   warning  Irregular whitespace not allowed              no-irregular-whitespace
  175:7   warning  Irregular whitespace not allowed              no-irregular-whitespace
  175:9   warning  Irregular whitespace not allowed              no-irregular-whitespace
  175:11  warning  Irregular whitespace not allowed              no-irregular-whitespace
  175:13  warning  Irregular whitespace not allowed              no-irregular-whitespace
  175:15  warning  Irregular whitespace not allowed              no-irregular-whitespace
  176:1   warning  Irregular whitespace not allowed              no-irregular-whitespace
  176:3   warning  Irregular whitespace not allowed              no-irregular-whitespace
  176:5   warning  Irregular whitespace not allowed              no-irregular-whitespace
  176:7   warning  Irregular whitespace not allowed              no-irregular-whitespace
  176:9   warning  Irregular whitespace not allowed              no-irregular-whitespace
  176:11  warning  Irregular whitespace not allowed              no-irregular-whitespace
  176:13  warning  Irregular whitespace not allowed              no-irregular-whitespace
  176:15  warning  Irregular whitespace not allowed              no-irregular-whitespace
  177:1   warning  Irregular whitespace not allowed              no-irregular-whitespace
  177:3   warning  Irregular whitespace not allowed              no-irregular-whitespace
  177:5   warning  Irregular whitespace not allowed              no-irregular-whitespace
  177:7   warning  Irregular whitespace not allowed              no-irregular-whitespace
  177:9   warning  Irregular whitespace not allowed              no-irregular-whitespace
  177:11  warning  Irregular whitespace not allowed              no-irregular-whitespace
  177:13  warning  Irregular whitespace not allowed              no-irregular-whitespace
  177:15  warning  Irregular whitespace not allowed              no-irregular-whitespace
  178:1   warning  Irregular whitespace not allowed              no-irregular-whitespace
  178:3   warning  Irregular whitespace not allowed              no-irregular-whitespace
  178:5   warning  Irregular whitespace not allowed              no-irregular-whitespace
  178:7   warning  Irregular whitespace not allowed              no-irregular-whitespace
  178:9   warning  Irregular whitespace not allowed              no-irregular-whitespace
  178:11  warning  Irregular whitespace not allowed              no-irregular-whitespace
  178:13  warning  Irregular whitespace not allowed              no-irregular-whitespace
  178:15  warning  Irregular whitespace not allowed              no-irregular-whitespace
  179:1   warning  Irregular whitespace not allowed              no-irregular-whitespace
  179:3   warning  Irregular whitespace not allowed              no-irregular-whitespace
  179:5   warning  Irregular whitespace not allowed              no-irregular-whitespace
  179:7   warning  Irregular whitespace not allowed              no-irregular-whitespace
  179:9   warning  Irregular whitespace not allowed              no-irregular-whitespace
  179:11  warning  Irregular whitespace not allowed              no-irregular-whitespace
  180:1   warning  Irregular whitespace not allowed              no-irregular-whitespace
  180:3   warning  Irregular whitespace not allowed              no-irregular-whitespace
  180:5   warning  Irregular whitespace not allowed              no-irregular-whitespace
  180:7   warning  Irregular whitespace not allowed              no-irregular-whitespace
  180:9   warning  Irregular whitespace not allowed              no-irregular-whitespace
  180:11  warning  Irregular whitespace not allowed              no-irregular-whitespace
  180:13  warning  Irregular whitespace not allowed              no-irregular-whitespace
  180:15  warning  Irregular whitespace not allowed              no-irregular-whitespace
  181:1   warning  Irregular whitespace not allowed              no-irregular-whitespace
  181:3   warning  Irregular whitespace not allowed              no-irregular-whitespace
  181:5   warning  Irregular whitespace not allowed              no-irregular-whitespace
  181:7   warning  Irregular whitespace not allowed              no-irregular-whitespace
  181:9   warning  Irregular whitespace not allowed              no-irregular-whitespace
  181:11  warning  Irregular whitespace not allowed              no-irregular-whitespace
  181:13  warning  Irregular whitespace not allowed              no-irregular-whitespace
  181:15  warning  Irregular whitespace not allowed              no-irregular-whitespace
  182:1   warning  Irregular whitespace not allowed              no-irregular-whitespace
  182:3   warning  Irregular whitespace not allowed              no-irregular-whitespace
  182:5   warning  Irregular whitespace not allowed              no-irregular-whitespace
  182:7   warning  Irregular whitespace not allowed              no-irregular-whitespace
  182:9   warning  Irregular whitespace not allowed              no-irregular-whitespace
  182:11  warning  Irregular whitespace not allowed              no-irregular-whitespace
  182:13  warning  Irregular whitespace not allowed              no-irregular-whitespace
  182:15  warning  Irregular whitespace not allowed              no-irregular-whitespace
  183:1   warning  Irregular whitespace not allowed              no-irregular-whitespace
  183:3   warning  Irregular whitespace not allowed              no-irregular-whitespace
  183:5   warning  Irregular whitespace not allowed              no-irregular-whitespace
  183:7   warning  Irregular whitespace not allowed              no-irregular-whitespace
  183:9   warning  Irregular whitespace not allowed              no-irregular-whitespace
  183:11  warning  Irregular whitespace not allowed              no-irregular-whitespace
  183:13  warning  Irregular whitespace not allowed              no-irregular-whitespace
  183:15  warning  Irregular whitespace not allowed              no-irregular-whitespace
  184:1   warning  Irregular whitespace not allowed              no-irregular-whitespace
  184:3   warning  Irregular whitespace not allowed              no-irregular-whitespace
  184:5   warning  Irregular whitespace not allowed              no-irregular-whitespace
  184:7   warning  Irregular whitespace not allowed              no-irregular-whitespace
  184:9   warning  Irregular whitespace not allowed              no-irregular-whitespace
  184:11  warning  Irregular whitespace not allowed              no-irregular-whitespace
  184:13  warning  Irregular whitespace not allowed              no-irregular-whitespace
  184:15  warning  Irregular whitespace not allowed              no-irregular-whitespace
  185:1   warning  Irregular whitespace not allowed              no-irregular-whitespace
  185:3   warning  Irregular whitespace not allowed              no-irregular-whitespace
  185:5   warning  Irregular whitespace not allowed              no-irregular-whitespace
  185:7   warning  Irregular whitespace not allowed              no-irregular-whitespace
  185:9   warning  Irregular whitespace not allowed              no-irregular-whitespace
  185:11  warning  Irregular whitespace not allowed              no-irregular-whitespace
  186:1   warning  Irregular whitespace not allowed              no-irregular-whitespace
  186:3   warning  Irregular whitespace not allowed              no-irregular-whitespace
  186:5   warning  Irregular whitespace not allowed              no-irregular-whitespace
  186:7   warning  Irregular whitespace not allowed              no-irregular-whitespace
  186:9   warning  Irregular whitespace not allowed              no-irregular-whitespace
  186:11  warning  Irregular whitespace not allowed              no-irregular-whitespace
  186:13  warning  Irregular whitespace not allowed              no-irregular-whitespace
  186:15  warning  Irregular whitespace not allowed              no-irregular-whitespace
  187:1   warning  Irregular whitespace not allowed              no-irregular-whitespace
  187:3   warning  Irregular whitespace not allowed              no-irregular-whitespace
  187:5   warning  Irregular whitespace not allowed              no-irregular-whitespace
  187:7   warning  Irregular whitespace not allowed              no-irregular-whitespace
  187:9   warning  Irregular whitespace not allowed              no-irregular-whitespace
  187:11  warning  Irregular whitespace not allowed              no-irregular-whitespace
  187:13  warning  Irregular whitespace not allowed              no-irregular-whitespace
  187:15  warning  Irregular whitespace not allowed              no-irregular-whitespace
  188:1   warning  Irregular whitespace not allowed              no-irregular-whitespace
  188:3   warning  Irregular whitespace not allowed              no-irregular-whitespace
  188:5   warning  Irregular whitespace not allowed              no-irregular-whitespace
  188:7   warning  Irregular whitespace not allowed              no-irregular-whitespace
  188:9   warning  Irregular whitespace not allowed              no-irregular-whitespace
  188:11  warning  Irregular whitespace not allowed              no-irregular-whitespace
  188:13  warning  Irregular whitespace not allowed              no-irregular-whitespace
  188:15  warning  Irregular whitespace not allowed              no-irregular-whitespace
  189:1   warning  Irregular whitespace not allowed              no-irregular-whitespace
  189:3   warning  Irregular whitespace not allowed              no-irregular-whitespace
  189:5   warning  Irregular whitespace not allowed              no-irregular-whitespace
  189:7   warning  Irregular whitespace not allowed              no-irregular-whitespace
  189:9   warning  Irregular whitespace not allowed              no-irregular-whitespace
  189:11  warning  Irregular whitespace not allowed              no-irregular-whitespace
  189:13  warning  Irregular whitespace not allowed              no-irregular-whitespace
  189:15  warning  Irregular whitespace not allowed              no-irregular-whitespace
  190:1   warning  Irregular whitespace not allowed              no-irregular-whitespace
  190:3   warning  Irregular whitespace not allowed              no-irregular-whitespace
  190:5   warning  Irregular whitespace not allowed              no-irregular-whitespace
  190:7   warning  Irregular whitespace not allowed              no-irregular-whitespace
  190:9   warning  Irregular whitespace not allowed              no-irregular-whitespace
  190:11  warning  Irregular whitespace not allowed              no-irregular-whitespace
  190:13  warning  Irregular whitespace not allowed              no-irregular-whitespace
  190:15  warning  Irregular whitespace not allowed              no-irregular-whitespace
  191:1   warning  Irregular whitespace not allowed              no-irregular-whitespace
  191:3   warning  Irregular whitespace not allowed              no-irregular-whitespace
  191:5   warning  Irregular whitespace not allowed              no-irregular-whitespace
  191:7   warning  Irregular whitespace not allowed              no-irregular-whitespace
  191:9   warning  Irregular whitespace not allowed              no-irregular-whitespace
  191:11  warning  Irregular whitespace not allowed              no-irregular-whitespace
  192:1   warning  Irregular whitespace not allowed              no-irregular-whitespace
  192:3   warning  Irregular whitespace not allowed              no-irregular-whitespace
  192:5   warning  Irregular whitespace not allowed              no-irregular-whitespace
  192:7   warning  Irregular whitespace not allowed              no-irregular-whitespace
  192:9   warning  Irregular whitespace not allowed              no-irregular-whitespace
  192:11  warning  Irregular whitespace not allowed              no-irregular-whitespace
  200:17  warning  Unexpected lexical declaration in case block  no-case-declarations
  210:17  warning  Unexpected lexical declaration in case block  no-case-declarations
  216:17  warning  Unexpected lexical declaration in case block  no-case-declarations
  222:1   warning  Irregular whitespace not allowed              no-irregular-whitespace
  222:3   warning  Irregular whitespace not allowed              no-irregular-whitespace
  222:5   warning  Irregular whitespace not allowed              no-irregular-whitespace
  222:7   warning  Irregular whitespace not allowed              no-irregular-whitespace
  222:9   warning  Irregular whitespace not allowed              no-irregular-whitespace
  222:11  warning  Irregular whitespace not allowed              no-irregular-whitespace
  222:13  warning  Irregular whitespace not allowed              no-irregular-whitespace
  222:15  warning  Irregular whitespace not allowed              no-irregular-whitespace
  222:17  warning  Unreachable code                              no-unreachable
  223:1   warning  Irregular whitespace not allowed              no-irregular-whitespace
  223:3   warning  Irregular whitespace not allowed              no-irregular-whitespace
  223:5   warning  Irregular whitespace not allowed              no-irregular-whitespace
  223:7   warning  Irregular whitespace not allowed              no-irregular-whitespace
  224:1   warning  Irregular whitespace not allowed              no-irregular-whitespace
  224:3   warning  Irregular whitespace not allowed              no-irregular-whitespace
  224:5   warning  Irregular whitespace not allowed              no-irregular-whitespace
  224:7   warning  Irregular whitespace not allowed              no-irregular-whitespace
  225:1   warning  Irregular whitespace not allowed              no-irregular-whitespace
  225:3   warning  Irregular whitespace not allowed              no-irregular-whitespace
  225:5   warning  Irregular whitespace not allowed              no-irregular-whitespace
  225:7   warning  Irregular whitespace not allowed              no-irregular-whitespace
  226:1   warning  Irregular whitespace not allowed              no-irregular-whitespace
  226:3   warning  Irregular whitespace not allowed              no-irregular-whitespace
  226:5   warning  Irregular whitespace not allowed              no-irregular-whitespace
  226:7   warning  Irregular whitespace not allowed              no-irregular-whitespace
  227:1   warning  Irregular whitespace not allowed              no-irregular-whitespace
  227:3   warning  Irregular whitespace not allowed              no-irregular-whitespace
  227:5   warning  Irregular whitespace not allowed              no-irregular-whitespace
  227:7   warning  Irregular whitespace not allowed              no-irregular-whitespace
  228:1   warning  Irregular whitespace not allowed              no-irregular-whitespace
  228:3   warning  Irregular whitespace not allowed              no-irregular-whitespace
  230:1   warning  Irregular whitespace not allowed              no-irregular-whitespace
  230:3   warning  Irregular whitespace not allowed              no-irregular-whitespace
  231:1   warning  Irregular whitespace not allowed              no-irregular-whitespace
  231:3   warning  Irregular whitespace not allowed              no-irregular-whitespace
  232:1   warning  Irregular whitespace not allowed              no-irregular-whitespace
  232:3   warning  Irregular whitespace not allowed              no-irregular-whitespace
  233:1   warning  Irregular whitespace not allowed              no-irregular-whitespace
  233:3   warning  Irregular whitespace not allowed              no-irregular-whitespace
  237:1   warning  Irregular whitespace not allowed              no-irregular-whitespace
  237:3   warning  Irregular whitespace not allowed              no-irregular-whitespace
  237:24  warning  'state' is not defined                        no-undef
  237:45  warning  'state' is not defined                        no-undef
  238:1   warning  Irregular whitespace not allowed              no-irregular-whitespace
  238:3   warning  Irregular whitespace not allowed              no-irregular-whitespace
  239:1   warning  Irregular whitespace not allowed              no-irregular-whitespace
  239:3   warning  Irregular whitespace not allowed              no-irregular-whitespace
  239:5   warning  Irregular whitespace not allowed              no-irregular-whitespace
  239:7   warning  Irregular whitespace not allowed              no-irregular-whitespace
  240:1   warning  Irregular whitespace not allowed              no-irregular-whitespace
  240:3   warning  Irregular whitespace not allowed              no-irregular-whitespace
  240:5   warning  Irregular whitespace not allowed              no-irregular-whitespace
  240:7   warning  Irregular whitespace not allowed              no-irregular-whitespace
  240:33  warning  'state' is not defined                        no-undef
  240:55  warning  'state' is not defined                        no-undef
  241:1   warning  Irregular whitespace not allowed              no-irregular-whitespace
  241:3   warning  Irregular whitespace not allowed              no-irregular-whitespace
  241:5   warning  Irregular whitespace not allowed              no-irregular-whitespace
  241:7   warning  Irregular whitespace not allowed              no-irregular-whitespace
  241:34  warning  'state' is not defined                        no-undef
  242:1   warning  Irregular whitespace not allowed              no-irregular-whitespace
  242:3   warning  Irregular whitespace not allowed              no-irregular-whitespace
  243:1   warning  Irregular whitespace not allowed              no-irregular-whitespace
  243:3   warning  Irregular whitespace not allowed              no-irregular-whitespace
  243:5   warning  Irregular whitespace not allowed              no-irregular-whitespace
  243:7   warning  Irregular whitespace not allowed              no-irregular-whitespace
  244:1   warning  Irregular whitespace not allowed              no-irregular-whitespace
  244:3   warning  Irregular whitespace not allowed              no-irregular-whitespace
  250:1   warning  Irregular whitespace not allowed              no-irregular-whitespace
  250:3   warning  Irregular whitespace not allowed              no-irregular-whitespace
  251:1   warning  Irregular whitespace not allowed              no-irregular-whitespace
  251:3   warning  Irregular whitespace not allowed              no-irregular-whitespace
  251:9   warning  'state' is not defined                        no-undef
  251:38  warning  'state' is not defined                        no-undef
  252:1   warning  Irregular whitespace not allowed              no-irregular-whitespace
  252:3   warning  Irregular whitespace not allowed              no-irregular-whitespace
  252:5   warning  Irregular whitespace not allowed              no-irregular-whitespace
  252:7   warning  Irregular whitespace not allowed              no-irregular-whitespace
  253:1   warning  Irregular whitespace not allowed              no-irregular-whitespace
  253:3   warning  Irregular whitespace not allowed              no-irregular-whitespace
  253:5   warning  Irregular whitespace not allowed              no-irregular-whitespace
  253:7   warning  Irregular whitespace not allowed              no-irregular-whitespace
  254:1   warning  Irregular whitespace not allowed              no-irregular-whitespace
  254:3   warning  Irregular whitespace not allowed              no-irregular-whitespace
  254:5   warning  Irregular whitespace not allowed              no-irregular-whitespace
  254:7   warning  Irregular whitespace not allowed              no-irregular-whitespace
  255:1   warning  Irregular whitespace not allowed              no-irregular-whitespace
  255:3   warning  Irregular whitespace not allowed              no-irregular-whitespace
  257:1   warning  Irregular whitespace not allowed              no-irregular-whitespace
  257:3   warning  Irregular whitespace not allowed              no-irregular-whitespace
  258:1   warning  Irregular whitespace not allowed              no-irregular-whitespace
  258:3   warning  Irregular whitespace not allowed              no-irregular-whitespace
  258:25  warning  'state' is not defined                        no-undef
  259:1   warning  Irregular whitespace not allowed              no-irregular-whitespace
  259:3   warning  Irregular whitespace not allowed              no-irregular-whitespace
  259:5   warning  Irregular whitespace not allowed              no-irregular-whitespace
  259:7   warning  Irregular whitespace not allowed              no-irregular-whitespace
  259:26  warning  'state' is not defined                        no-undef
  259:41  warning  'state' is not defined                        no-undef
  259:59  warning  'state' is not defined                        no-undef
  259:74  warning  'state' is not defined                        no-undef
  260:1   warning  Irregular whitespace not allowed              no-irregular-whitespace
  260:3   warning  Irregular whitespace not allowed              no-irregular-whitespace
  261:1   warning  Irregular whitespace not allowed              no-irregular-whitespace
  261:3   warning  Irregular whitespace not allowed              no-irregular-whitespace
  262:1   warning  Irregular whitespace not allowed              no-irregular-whitespace
  262:3   warning  Irregular whitespace not allowed              no-irregular-whitespace
  263:1   warning  Irregular whitespace not allowed              no-irregular-whitespace
  263:3   warning  Irregular whitespace not allowed              no-irregular-whitespace
  264:1   warning  Irregular whitespace not allowed              no-irregular-whitespace
  264:3   warning  Irregular whitespace not allowed              no-irregular-whitespace
  264:5   warning  Irregular whitespace not allowed              no-irregular-whitespace
  264:7   warning  Irregular whitespace not allowed              no-irregular-whitespace
  265:1   warning  Irregular whitespace not allowed              no-irregular-whitespace
  265:3   warning  Irregular whitespace not allowed              no-irregular-whitespace
  265:5   warning  Irregular whitespace not allowed              no-irregular-whitespace
  265:7   warning  Irregular whitespace not allowed              no-irregular-whitespace
  266:1   warning  Irregular whitespace not allowed              no-irregular-whitespace
  266:3   warning  Irregular whitespace not allowed              no-irregular-whitespace
  266:5   warning  Irregular whitespace not allowed              no-irregular-whitespace
  266:7   warning  Irregular whitespace not allowed              no-irregular-whitespace
  267:1   warning  Irregular whitespace not allowed              no-irregular-whitespace
  267:3   warning  Irregular whitespace not allowed              no-irregular-whitespace
  268:1   warning  Irregular whitespace not allowed              no-irregular-whitespace
  268:3   warning  Irregular whitespace not allowed              no-irregular-whitespace
  268:5   warning  Irregular whitespace not allowed              no-irregular-whitespace
  268:7   warning  Irregular whitespace not allowed              no-irregular-whitespace
  269:1   warning  Irregular whitespace not allowed              no-irregular-whitespace
  269:3   warning  Irregular whitespace not allowed              no-irregular-whitespace
  269:5   warning  Irregular whitespace not allowed              no-irregular-whitespace
  269:7   warning  Irregular whitespace not allowed              no-irregular-whitespace
  270:1   warning  Irregular whitespace not allowed              no-irregular-whitespace
  270:3   warning  Irregular whitespace not allowed              no-irregular-whitespace
  272:1   warning  Irregular whitespace not allowed              no-irregular-whitespace
  272:3   warning  Irregular whitespace not allowed              no-irregular-whitespace
  272:18  warning  'state' is not defined                        no-undef
  273:1   warning  Irregular whitespace not allowed              no-irregular-whitespace
  273:3   warning  Irregular whitespace not allowed              no-irregular-whitespace
  273:25  warning  'state' is not defined                        no-undef
  274:1   warning  Irregular whitespace not allowed              no-irregular-whitespace
  274:3   warning  Irregular whitespace not allowed              no-irregular-whitespace
  274:26  warning  'state' is not defined                        no-undef
  274:52  warning  'state' is not defined                        no-undef
  274:83  warning  'state' is not defined                        no-undef
  275:1   warning  Irregular whitespace not allowed              no-irregular-whitespace
  275:3   warning  Irregular whitespace not allowed              no-irregular-whitespace
  276:1   warning  Irregular whitespace not allowed              no-irregular-whitespace
  276:3   warning  Irregular whitespace not allowed              no-irregular-whitespace
  277:1   warning  Irregular whitespace not allowed              no-irregular-whitespace
  277:3   warning  Irregular whitespace not allowed              no-irregular-whitespace
  277:5   warning  Irregular whitespace not allowed              no-irregular-whitespace
  277:7   warning  Irregular whitespace not allowed              no-irregular-whitespace
  277:25  warning  'state' is not defined                        no-undef
  277:59  warning  'state' is not defined                        no-undef
  278:1   warning  Irregular whitespace not allowed              no-irregular-whitespace
  278:3   warning  Irregular whitespace not allowed              no-irregular-whitespace
  278:5   warning  Irregular whitespace not allowed              no-irregular-whitespace
  278:7   warning  Irregular whitespace not allowed              no-irregular-whitespace
  279:1   warning  Irregular whitespace not allowed              no-irregular-whitespace
  279:3   warning  Irregular whitespace not allowed              no-irregular-whitespace
  279:5   warning  Irregular whitespace not allowed              no-irregular-whitespace
  279:7   warning  Irregular whitespace not allowed              no-irregular-whitespace
  280:1   warning  Irregular whitespace not allowed              no-irregular-whitespace
  280:3   warning  Irregular whitespace not allowed              no-irregular-whitespace
  281:1   warning  Irregular whitespace not allowed              no-irregular-whitespace
  281:3   warning  Irregular whitespace not allowed              no-irregular-whitespace
  281:5   warning  Irregular whitespace not allowed              no-irregular-whitespace
  281:7   warning  Irregular whitespace not allowed              no-irregular-whitespace
  282:1   warning  Irregular whitespace not allowed              no-irregular-whitespace
  282:3   warning  Irregular whitespace not allowed              no-irregular-whitespace
  282:5   warning  Irregular whitespace not allowed              no-irregular-whitespace
  282:7   warning  Irregular whitespace not allowed              no-irregular-whitespace
  283:1   warning  Irregular whitespace not allowed              no-irregular-whitespace
  283:3   warning  Irregular whitespace not allowed              no-irregular-whitespace
  290:1   warning  Irregular whitespace not allowed              no-irregular-whitespace
  290:3   warning  Irregular whitespace not allowed              no-irregular-whitespace
  290:5   warning  'state' is not defined                        no-undef
  291:1   warning  Irregular whitespace not allowed              no-irregular-whitespace
  291:3   warning  Irregular whitespace not allowed              no-irregular-whitespace
  292:1   warning  Irregular whitespace not allowed              no-irregular-whitespace
  292:3   warning  Irregular whitespace not allowed              no-irregular-whitespace
  297:15  warning  'loadECGData' is not defined                  no-undef
  298:9   warning  'state' is not defined                        no-undef
  299:9   warning  'state' is not defined                        no-undef
  300:9   warning  'state' is not defined                        no-undef
  311:30  warning  'state' is not defined                        no-undef
  313:9   warning  'state' is not defined                        no-undef
  314:9   warning  'state' is not defined                        no-undef
  314:53  warning  'state' is not defined                        no-undef
  314:91  warning  'state' is not defined                        no-undef
  316:32  warning  'state' is not defined                        no-undef
  317:39  warning  'state' is not defined                        no-undef
  328:1   warning  Irregular whitespace not allowed              no-irregular-whitespace
  328:3   warning  Irregular whitespace not allowed              no-irregular-whitespace
  328:5   warning  'state' is not defined                        no-undef
  329:1   warning  Irregular whitespace not allowed              no-irregular-whitespace
  329:3   warning  Irregular whitespace not allowed              no-irregular-whitespace
  329:35  warning  'state' is not defined                        no-undef
  330:1   warning  Irregular whitespace not allowed              no-irregular-whitespace
  330:3   warning  Irregular whitespace not allowed              no-irregular-whitespace
  330:9   warning  'state' is not defined                        no-undef
  330:30  warning  'state' is not defined                        no-undef
  330:49  warning  'state' is not defined                        no-undef
  331:1   warning  Irregular whitespace not allowed              no-irregular-whitespace
  331:3   warning  Irregular whitespace not allowed              no-irregular-whitespace
  331:5   warning  Irregular whitespace not allowed              no-irregular-whitespace
  331:7   warning  Irregular whitespace not allowed              no-irregular-whitespace
  331:9   warning  'state' is not defined                        no-undef
  331:42  warning  'state' is not defined                        no-undef
  331:64  warning  'state' is not defined                        no-undef
  332:1   warning  Irregular whitespace not allowed              no-irregular-whitespace
  332:3   warning  Irregular whitespace not allowed              no-irregular-whitespace
  333:1   warning  Irregular whitespace not allowed              no-irregular-whitespace
  333:3   warning  Irregular whitespace not allowed              no-irregular-whitespace
  333:29  warning  'state' is not defined                        no-undef
  333:48  warning  'state' is not defined                        no-undef
  334:1   warning  Irregular whitespace not allowed              no-irregular-whitespace
  334:3   warning  Irregular whitespace not allowed              no-irregular-whitespace
  338:1   warning  Irregular whitespace not allowed              no-irregular-whitespace
  338:3   warning  Irregular whitespace not allowed              no-irregular-whitespace
  338:5   warning  'state' is not defined                        no-undef
  339:1   warning  Irregular whitespace not allowed              no-irregular-whitespace
  339:3   warning  Irregular whitespace not allowed              no-irregular-whitespace
  343:1   warning  Irregular whitespace not allowed              no-irregular-whitespace
  343:3   warning  Irregular whitespace not allowed              no-irregular-whitespace
  343:9   warning  'state' is not defined                        no-undef
  344:1   warning  Irregular whitespace not allowed              no-irregular-whitespace
  344:3   warning  Irregular whitespace not allowed              no-irregular-whitespace
  344:5   warning  Irregular whitespace not allowed              no-irregular-whitespace
  344:7   warning  Irregular whitespace not allowed              no-irregular-whitespace
  344:9   warning  'state' is not defined                        no-undef
  344:28  warning  'state' is not defined                        no-undef
  345:1   warning  Irregular whitespace not allowed              no-irregular-whitespace
  345:3   warning  Irregular whitespace not allowed              no-irregular-whitespace
  345:5   warning  Irregular whitespace not allowed              no-irregular-whitespace
  345:7   warning  Irregular whitespace not allowed              no-irregular-whitespace
  345:9   warning  'state' is not defined                        no-undef
  346:1   warning  Irregular whitespace not allowed              no-irregular-whitespace
  346:3   warning  Irregular whitespace not allowed              no-irregular-whitespace
  346:5   warning  Irregular whitespace not allowed              no-irregular-whitespace
  346:7   warning  Irregular whitespace not allowed              no-irregular-whitespace
  347:1   warning  Irregular whitespace not allowed              no-irregular-whitespace
  347:3   warning  Irregular whitespace not allowed              no-irregular-whitespace
  348:1   warning  Irregular whitespace not allowed              no-irregular-whitespace
  348:3   warning  Irregular whitespace not allowed              no-irregular-whitespace
  348:5   warning  Irregular whitespace not allowed              no-irregular-whitespace
  348:7   warning  Irregular whitespace not allowed              no-irregular-whitespace
  348:9   warning  'state' is not defined                        no-undef
  348:42  warning  'state' is not defined                        no-undef
  349:1   warning  Irregular whitespace not allowed              no-irregular-whitespace
  349:3   warning  Irregular whitespace not allowed              no-irregular-whitespace
  349:5   warning  Irregular whitespace not allowed              no-irregular-whitespace
  349:7   warning  Irregular whitespace not allowed              no-irregular-whitespace
  350:1   warning  Irregular whitespace not allowed              no-irregular-whitespace
  350:3   warning  Irregular whitespace not allowed              no-irregular-whitespace
  351:1   warning  Irregular whitespace not allowed              no-irregular-whitespace
  351:3   warning  Irregular whitespace not allowed              no-irregular-whitespace
  351:5   warning  'state' is not defined                        no-undef
  351:25  warning  'state' is not defined                        no-undef
  352:1   warning  Irregular whitespace not allowed              no-irregular-whitespace
  352:3   warning  Irregular whitespace not allowed              no-irregular-whitespace
  352:28  warning  'state' is not defined                        no-undef
  353:1   warning  Irregular whitespace not allowed              no-irregular-whitespace
  353:3   warning  Irregular whitespace not allowed              no-irregular-whitespace
  353:35  warning  'state' is not defined                        no-undef
  354:1   warning  Irregular whitespace not allowed              no-irregular-whitespace
  354:3   warning  Irregular whitespace not allowed              no-irregular-whitespace
  361:1   warning  Irregular whitespace not allowed              no-irregular-whitespace
  361:3   warning  Irregular whitespace not allowed              no-irregular-whitespace
  361:5   warning  'state' is not defined                        no-undef
  361:23  warning  'runPanTompkins' is not defined               no-undef
  361:38  warning  'state' is not defined                        no-undef
  362:1   warning  Irregular whitespace not allowed              no-irregular-whitespace
  362:3   warning  Irregular whitespace not allowed              no-irregular-whitespace
  363:1   warning  Irregular whitespace not allowed              no-irregular-whitespace
  363:3   warning  Irregular whitespace not allowed              no-irregular-whitespace
  364:1   warning  Irregular whitespace not allowed              no-irregular-whitespace
  364:3   warning  Irregular whitespace not allowed              no-irregular-whitespace
  365:1   warning  Irregular whitespace not allowed              no-irregular-whitespace
  365:3   warning  Irregular whitespace not allowed              no-irregular-whitespace
  366:1   warning  Irregular whitespace not allowed              no-irregular-whitespace
  366:3   warning  Irregular whitespace not allowed              no-irregular-whitespace
  367:1   warning  Irregular whitespace not allowed              no-irregular-whitespace
  367:3   warning  Irregular whitespace not allowed              no-irregular-whitespace
  367:5   warning  'state' is not defined                        no-undef
  368:1   warning  Irregular whitespace not allowed              no-irregular-whitespace
  368:3   warning  Irregular whitespace not allowed              no-irregular-whitespace
  369:1   warning  Irregular whitespace not allowed              no-irregular-whitespace
  369:3   warning  Irregular whitespace not allowed              no-irregular-whitespace
  370:1   warning  Irregular whitespace not allowed              no-irregular-whitespace
  370:3   warning  Irregular whitespace not allowed              no-irregular-whitespace
  371:1   warning  Irregular whitespace not allowed              no-irregular-whitespace
  371:3   warning  Irregular whitespace not allowed              no-irregular-whitespace
  372:1   warning  Irregular whitespace not allowed              no-irregular-whitespace
  372:3   warning  Irregular whitespace not allowed              no-irregular-whitespace
  373:1   warning  Irregular whitespace not allowed              no-irregular-whitespace
  373:3   warning  Irregular whitespace not allowed              no-irregular-whitespace
  374:1   warning  Irregular whitespace not allowed              no-irregular-whitespace
  374:3   warning  Irregular whitespace not allowed              no-irregular-whitespace
  375:1   warning  Irregular whitespace not allowed              no-irregular-whitespace
  375:3   warning  Irregular whitespace not allowed              no-irregular-whitespace
  379:1   warning  Irregular whitespace not allowed              no-irregular-whitespace
  379:3   warning  Irregular whitespace not allowed              no-irregular-whitespace
  380:1   warning  Irregular whitespace not allowed              no-irregular-whitespace
  380:3   warning  Irregular whitespace not allowed              no-irregular-whitespace
  380:9   warning  'state' is not defined                        no-undef
  381:1   warning  Irregular whitespace not allowed              no-irregular-whitespace
  381:3   warning  Irregular whitespace not allowed              no-irregular-whitespace
  381:5   warning  Irregular whitespace not allowed              no-irregular-whitespace
  381:7   warning  Irregular whitespace not allowed              no-irregular-whitespace
  381:9   warning  'state' is not defined                        no-undef
  382:1   warning  Irregular whitespace not allowed              no-irregular-whitespace
  382:3   warning  Irregular whitespace not allowed              no-irregular-whitespace
  382:5   warning  Irregular whitespace not allowed              no-irregular-whitespace
  382:7   warning  Irregular whitespace not allowed              no-irregular-whitespace
  383:1   warning  Irregular whitespace not allowed              no-irregular-whitespace
  383:3   warning  Irregular whitespace not allowed              no-irregular-whitespace
  383:5   warning  Irregular whitespace not allowed              no-irregular-whitespace
  383:7   warning  Irregular whitespace not allowed              no-irregular-whitespace
  384:1   warning  Irregular whitespace not allowed              no-irregular-whitespace
  384:3   warning  Irregular whitespace not allowed              no-irregular-whitespace
  384:5   warning  Irregular whitespace not allowed              no-irregular-whitespace
  384:7   warning  Irregular whitespace not allowed              no-irregular-whitespace
  385:1   warning  Irregular whitespace not allowed              no-irregular-whitespace
  385:3   warning  Irregular whitespace not allowed              no-irregular-whitespace
  385:5   warning  Irregular whitespace not allowed              no-irregular-whitespace
  385:7   warning  Irregular whitespace not allowed              no-irregular-whitespace
  385:13  warning  'state' is not defined                        no-undef
  386:1   warning  Irregular whitespace not allowed              no-irregular-whitespace
  386:3   warning  Irregular whitespace not allowed              no-irregular-whitespace
  386:5   warning  Irregular whitespace not allowed              no-irregular-whitespace
  386:7   warning  Irregular whitespace not allowed              no-irregular-whitespace
  386:9   warning  Irregular whitespace not allowed              no-irregular-whitespace
  386:11  warning  Irregular whitespace not allowed              no-irregular-whitespace
  387:1   warning  Irregular whitespace not allowed              no-irregular-whitespace
  387:3   warning  Irregular whitespace not allowed              no-irregular-whitespace
  387:5   warning  Irregular whitespace not allowed              no-irregular-whitespace
  387:7   warning  Irregular whitespace not allowed              no-irregular-whitespace
  387:9   warning  Irregular whitespace not allowed              no-irregular-whitespace
  387:11  warning  Irregular whitespace not allowed              no-irregular-whitespace
  388:1   warning  Irregular whitespace not allowed              no-irregular-whitespace
  388:3   warning  Irregular whitespace not allowed              no-irregular-whitespace
  388:5   warning  Irregular whitespace not allowed              no-irregular-whitespace
  388:7   warning  Irregular whitespace not allowed              no-irregular-whitespace
  389:1   warning  Irregular whitespace not allowed              no-irregular-whitespace
  389:3   warning  Irregular whitespace not allowed              no-irregular-whitespace
  389:5   warning  Irregular whitespace not allowed              no-irregular-whitespace
  389:7   warning  Irregular whitespace not allowed              no-irregular-whitespace
  390:1   warning  Irregular whitespace not allowed              no-irregular-whitespace
  390:3   warning  Irregular whitespace not allowed              no-irregular-whitespace
  390:5   warning  Irregular whitespace not allowed              no-irregular-whitespace
  390:7   warning  Irregular whitespace not allowed              no-irregular-whitespace
  391:1   warning  Irregular whitespace not allowed              no-irregular-whitespace
  391:3   warning  Irregular whitespace not allowed              no-irregular-whitespace
  395:1   warning  Irregular whitespace not allowed              no-irregular-whitespace
  395:3   warning  Irregular whitespace not allowed              no-irregular-whitespace
  396:1   warning  Irregular whitespace not allowed              no-irregular-whitespace
  396:3   warning  Irregular whitespace not allowed              no-irregular-whitespace
  396:5   warning  'state' is not defined                        no-undef
  397:1   warning  Irregular whitespace not allowed              no-irregular-whitespace
  397:3   warning  Irregular whitespace not allowed              no-irregular-whitespace
  398:1   warning  Irregular whitespace not allowed              no-irregular-whitespace
  398:3   warning  Irregular whitespace not allowed              no-irregular-whitespace
  399:1   warning  Irregular whitespace not allowed              no-irregular-whitespace
  399:3   warning  Irregular whitespace not allowed              no-irregular-whitespace
  400:1   warning  Irregular whitespace not allowed              no-irregular-whitespace
  400:3   warning  Irregular whitespace not allowed              no-irregular-whitespace
  401:1   warning  Irregular whitespace not allowed              no-irregular-whitespace
  401:3   warning  Irregular whitespace not allowed              no-irregular-whitespace
  402:1   warning  Irregular whitespace not allowed              no-irregular-whitespace
  402:3   warning  Irregular whitespace not allowed              no-irregular-whitespace
  406:1   warning  Irregular whitespace not allowed              no-irregular-whitespace
  406:3   warning  Irregular whitespace not allowed              no-irregular-whitespace
  406:9   warning  'state' is not defined                        no-undef
  407:1   warning  Irregular whitespace not allowed              no-irregular-whitespace
  407:3   warning  Irregular whitespace not allowed              no-irregular-whitespace
  407:5   warning  Irregular whitespace not allowed              no-irregular-whitespace
  407:7   warning  Irregular whitespace not allowed              no-irregular-whitespace
  408:1   warning  Irregular whitespace not allowed              no-irregular-whitespace
  408:3   warning  Irregular whitespace not allowed              no-irregular-whitespace
  408:5   warning  Irregular whitespace not allowed              no-irregular-whitespace
  408:7   warning  Irregular whitespace not allowed              no-irregular-whitespace
  408:13  warning  'state' is not defined                        no-undef
  409:1   warning  Irregular whitespace not allowed              no-irregular-whitespace
  409:3   warning  Irregular whitespace not allowed              no-irregular-whitespace
  409:5   warning  Irregular whitespace not allowed              no-irregular-whitespace
  409:7   warning  Irregular whitespace not allowed              no-irregular-whitespace
  409:9   warning  Irregular whitespace not allowed              no-irregular-whitespace
  409:11  warning  Irregular whitespace not allowed              no-irregular-whitespace
  409:13  warning  Irregular whitespace not allowed              no-irregular-whitespace
  410:1   warning  Irregular whitespace not allowed              no-irregular-whitespace
  410:3   warning  Irregular whitespace not allowed              no-irregular-whitespace
  410:5   warning  Irregular whitespace not allowed              no-irregular-whitespace
  410:7   warning  Irregular whitespace not allowed              no-irregular-whitespace
  410:9   warning  Irregular whitespace not allowed              no-irregular-whitespace
  410:11  warning  Irregular whitespace not allowed              no-irregular-whitespace
  410:13  warning  Irregular whitespace not allowed              no-irregular-whitespace
  411:1   warning  Irregular whitespace not allowed              no-irregular-whitespace
  411:3   warning  Irregular whitespace not allowed              no-irregular-whitespace
  411:5   warning  Irregular whitespace not allowed              no-irregular-whitespace
  411:7   warning  Irregular whitespace not allowed              no-irregular-whitespace
  411:9   warning  Irregular whitespace not allowed              no-irregular-whitespace
  411:11  warning  Irregular whitespace not allowed              no-irregular-whitespace
  411:13  warning  Irregular whitespace not allowed              no-irregular-whitespace
  412:1   warning  Irregular whitespace not allowed              no-irregular-whitespace
  412:3   warning  Irregular whitespace not allowed              no-irregular-whitespace
  412:5   warning  Irregular whitespace not allowed              no-irregular-whitespace
  412:7   warning  Irregular whitespace not allowed              no-irregular-whitespace
  413:1   warning  Irregular whitespace not allowed              no-irregular-whitespace
  413:3   warning  Irregular whitespace not allowed              no-irregular-whitespace
  413:5   warning  Irregular whitespace not allowed              no-irregular-whitespace
  413:7   warning  Irregular whitespace not allowed              no-irregular-whitespace
  413:9   warning  'state' is not defined                        no-undef
  414:1   warning  Irregular whitespace not allowed              no-irregular-whitespace
  414:3   warning  Irregular whitespace not allowed              no-irregular-whitespace
  414:5   warning  Irregular whitespace not allowed              no-irregular-whitespace
  414:7   warning  Irregular whitespace not allowed              no-irregular-whitespace
  415:1   warning  Irregular whitespace not allowed              no-irregular-whitespace
  415:3   warning  Irregular whitespace not allowed              no-irregular-whitespace
  415:5   warning  Irregular whitespace not allowed              no-irregular-whitespace
  415:7   warning  Irregular whitespace not allowed              no-irregular-whitespace
  416:1   warning  Irregular whitespace not allowed              no-irregular-whitespace
  416:3   warning  Irregular whitespace not allowed              no-irregular-whitespace
  416:5   warning  Irregular whitespace not allowed              no-irregular-whitespace
  416:7   warning  Irregular whitespace not allowed              no-irregular-whitespace
  416:13  warning  'state' is not defined                        no-undef
  417:1   warning  Irregular whitespace not allowed              no-irregular-whitespace
  417:3   warning  Irregular whitespace not allowed              no-irregular-whitespace
  417:5   warning  Irregular whitespace not allowed              no-irregular-whitespace
  417:7   warning  Irregular whitespace not allowed              no-irregular-whitespace
  417:9   warning  Irregular whitespace not allowed              no-irregular-whitespace
  417:11  warning  Irregular whitespace not allowed              no-irregular-whitespace
  418:1   warning  Irregular whitespace not allowed              no-irregular-whitespace
  418:3   warning  Irregular whitespace not allowed              no-irregular-whitespace
  418:5   warning  Irregular whitespace not allowed              no-irregular-whitespace
  418:7   warning  Irregular whitespace not allowed              no-irregular-whitespace
  418:9   warning  Irregular whitespace not allowed              no-irregular-whitespace
  418:11  warning  Irregular whitespace not allowed              no-irregular-whitespace
  419:1   warning  Irregular whitespace not allowed              no-irregular-whitespace
  419:3   warning  Irregular whitespace not allowed              no-irregular-whitespace
  419:5   warning  Irregular whitespace not allowed              no-irregular-whitespace
  419:7   warning  Irregular whitespace not allowed              no-irregular-whitespace
  419:9   warning  Irregular whitespace not allowed              no-irregular-whitespace
  419:11  warning  Irregular whitespace not allowed              no-irregular-whitespace
  420:1   warning  Irregular whitespace not allowed              no-irregular-whitespace
  420:3   warning  Irregular whitespace not allowed              no-irregular-whitespace
  420:5   warning  Irregular whitespace not allowed              no-irregular-whitespace
  420:7   warning  Irregular whitespace not allowed              no-irregular-whitespace
  421:1   warning  Irregular whitespace not allowed              no-irregular-whitespace
  421:3   warning  Irregular whitespace not allowed              no-irregular-whitespace
  421:5   warning  Irregular whitespace not allowed              no-irregular-whitespace
  421:7   warning  Irregular whitespace not allowed              no-irregular-whitespace
  422:1   warning  Irregular whitespace not allowed              no-irregular-whitespace
  422:3   warning  Irregular whitespace not allowed              no-irregular-whitespace
  422:5   warning  Irregular whitespace not allowed              no-irregular-whitespace
  422:7   warning  Irregular whitespace not allowed              no-irregular-whitespace
  422:13  warning  'state' is not defined                        no-undef
  423:1   warning  Irregular whitespace not allowed              no-irregular-whitespace
  423:3   warning  Irregular whitespace not allowed              no-irregular-whitespace
  423:5   warning  Irregular whitespace not allowed              no-irregular-whitespace
  423:7   warning  Irregular whitespace not allowed              no-irregular-whitespace
  424:1   warning  Irregular whitespace not allowed              no-irregular-whitespace
  424:3   warning  Irregular whitespace not allowed              no-irregular-whitespace
  424:5   warning  Irregular whitespace not allowed              no-irregular-whitespace
  424:7   warning  Irregular whitespace not allowed              no-irregular-whitespace
  425:1   warning  Irregular whitespace not allowed              no-irregular-whitespace
  425:3   warning  Irregular whitespace not allowed              no-irregular-whitespace
  430:1   warning  Irregular whitespace not allowed              no-irregular-whitespace
  430:3   warning  Irregular whitespace not allowed              no-irregular-whitespace
  431:1   warning  Irregular whitespace not allowed              no-irregular-whitespace
  431:3   warning  Irregular whitespace not allowed              no-irregular-whitespace
  432:1   warning  Irregular whitespace not allowed              no-irregular-whitespace
  432:3   warning  Irregular whitespace not allowed              no-irregular-whitespace
  433:1   warning  Irregular whitespace not allowed              no-irregular-whitespace
  433:3   warning  Irregular whitespace not allowed              no-irregular-whitespace
  434:1   warning  Irregular whitespace not allowed              no-irregular-whitespace
  434:3   warning  Irregular whitespace not allowed              no-irregular-whitespace
  438:1   warning  Irregular whitespace not allowed              no-irregular-whitespace
  438:3   warning  Irregular whitespace not allowed              no-irregular-whitespace
  439:1   warning  Irregular whitespace not allowed              no-irregular-whitespace
  439:3   warning  Irregular whitespace not allowed              no-irregular-whitespace
  440:1   warning  Irregular whitespace not allowed              no-irregular-whitespace
  440:3   warning  Irregular whitespace not allowed              no-irregular-whitespace
  441:1   warning  Irregular whitespace not allowed              no-irregular-whitespace
  441:3   warning  Irregular whitespace not allowed              no-irregular-whitespace
  442:1   warning  Irregular whitespace not allowed              no-irregular-whitespace
  442:3   warning  Irregular whitespace not allowed              no-irregular-whitespace
  447:1   warning  Irregular whitespace not allowed              no-irregular-whitespace
  447:3   warning  Irregular whitespace not allowed              no-irregular-whitespace
  448:1   warning  Irregular whitespace not allowed              no-irregular-whitespace
  448:3   warning  Irregular whitespace not allowed              no-irregular-whitespace
  452:1   warning  Irregular whitespace not allowed              no-irregular-whitespace
  452:3   warning  Irregular whitespace not allowed              no-irregular-whitespace

✖ 1057 problems (0 errors, 1057 warnings)

